<?xml version="1.0" encoding="UTF-8"?>
<!-- Generated by org.testng.reporters.JUnitReportReporter -->
<testsuite hostname="CHANDANB-PC" name="com.mavenAccuride.test.BuyProduct" tests="1" failures="0" timestamp="8 Jan 2020 09:19:57 GMT" time="0.011" errors="0">
  <testcase name="testMethod" time="0.011" classname="com.mavenAccuride.test.BuyProduct"/>
</testsuite> <!-- com.mavenAccuride.test.BuyProduct -->
