<?xml version="1.0" encoding="UTF-8"?>
<!-- Generated by org.testng.reporters.JUnitReportReporter -->
<testsuite hostname="CHANDANB-PC" name="com.mavenAccuride.test.BuyProductByNotLoggedInUser" tests="4" failures="0" timestamp="9 Jan 2020 10:53:43 GMT" time="25.070" errors="0">
  <testcase name="checkHomePageTitle" time="0.121" classname="com.mavenAccuride.test.BuyProductByNotLoggedInUser"/>
  <testcase name="searchProductOnTheSearchbox" time="20.599" classname="com.mavenAccuride.test.BuyProductByNotLoggedInUser"/>
  <testcase name="increasingTheProductCountViaDirectField" time="2.177" classname="com.mavenAccuride.test.BuyProductByNotLoggedInUser"/>
  <testcase name="intialProductQuantity" time="2.173" classname="com.mavenAccuride.test.BuyProductByNotLoggedInUser"/>
</testsuite> <!-- com.mavenAccuride.test.BuyProductByNotLoggedInUser -->
